<?xml version="1.0" encoding="UTF-8"?>
<!-- Generated by org.testng.reporters.JUnitReportReporter -->
<testsuite hostname="DESKTOP-GV8RDT5" failures="0" tests="1" name="ProFrameWork.ProFrameWork.HomePageTest" time="0.915" errors="0" timestamp="20 Aug 2021 04:38:39 GMT" skipped="0">
  <testcase classname="ProFrameWork.ProFrameWork.HomePageTest" name="navigatetoStore" time="0.915"/>
</testsuite> <!-- ProFrameWork.ProFrameWork.HomePageTest -->
