<?xml version="1.0" encoding="UTF-8"?>
<!-- Generated by org.testng.reporters.JUnitReportReporter -->
<testsuite hostname="DESKTOP-GV8RDT5" failures="0" tests="1" name="ProFrameWork.ProFrameWork.Base" time="11.315" errors="0" timestamp="10 Aug 2021 05:14:27 GMT" skipped="0">
  <testcase classname="ProFrameWork.ProFrameWork.Base" name="Initialize" time="11.315"/>
</testsuite> <!-- ProFrameWork.ProFrameWork.Base -->
