<?xml version="1.0" encoding="UTF-8"?>
<!-- Generated by org.testng.reporters.JUnitReportReporter -->
<testsuite hostname="DESKTOP-GV8RDT5" failures="0" tests="1" name="ProFrameWork.ProFrameWork.FlipKartHomePageTest" time="6.061" errors="0" timestamp="31 Aug 2021 05:52:48 GMT" skipped="0">
  <testcase classname="ProFrameWork.ProFrameWork.FlipKartHomePageTest" name="flipkartHomecheck" time="6.061"/>
</testsuite> <!-- ProFrameWork.ProFrameWork.FlipKartHomePageTest -->
