<?xml version="1.0" encoding="UTF-8"?>
<!-- Generated by org.testng.reporters.JUnitReportReporter -->
<testsuite hostname="DESKTOP-GV8RDT5" failures="0" tests="1" name="ProFrameWork.ProFrameWork.WomenPageTest" time="6.219" errors="0" timestamp="20 Aug 2021 04:56:37 GMT" skipped="0">
  <testcase classname="ProFrameWork.ProFrameWork.WomenPageTest" name="Clickonlink" time="6.219"/>
</testsuite> <!-- ProFrameWork.ProFrameWork.WomenPageTest -->
