<?xml version="1.0" encoding="UTF-8"?>
<!-- Generated by org.testng.reporters.JUnitReportReporter -->
<testsuite hostname="DESKTOP-GV8RDT5" failures="0" tests="1" name="ProFrameWork.ProFrameWork.FlipKartPageTest" time="19.603" errors="0" timestamp="22 Aug 2021 03:39:45 GMT" skipped="0">
  <testcase classname="ProFrameWork.ProFrameWork.FlipKartPageTest" name="flipkartHomecheck" time="19.603"/>
</testsuite> <!-- ProFrameWork.ProFrameWork.FlipKartPageTest -->
