<?xml version="1.0" encoding="UTF-8"?>
<!-- Generated by org.testng.reporters.JUnitReportReporter -->
<testsuite hostname="DESKTOP-GV8RDT5" failures="0" tests="1" name="ProFrameWork.ProFrameWork.StorePageTest" time="3.536" errors="0" timestamp="20 Aug 2021 04:55:31 GMT" skipped="0">
  <testcase classname="ProFrameWork.ProFrameWork.StorePageTest" name="checksearchField" time="3.536"/>
</testsuite> <!-- ProFrameWork.ProFrameWork.StorePageTest -->
