<?xml version="1.0" encoding="UTF-8"?>
<!-- Generated by org.testng.reporters.JUnitReportReporter -->
<testsuite hostname="DESKTOP-GV8RDT5" failures="0" tests="1" name="ProFrameWork.ProFrameWork.IncidentPageTest" time="6.454" errors="0" timestamp="14 Sep 2021 07:42:16 GMT" skipped="0">
  <testcase classname="ProFrameWork.ProFrameWork.IncidentPageTest" name="incidentCheck" time="6.454"/>
</testsuite> <!-- ProFrameWork.ProFrameWork.IncidentPageTest -->
